2023-05-22 15:05:444 INFO  ManageBrowser :28 - Opening browser Chrome 
2023-05-22 15:05:246 INFO  LoginPage :50 - Send text [[ChromeDriver: chrome on WINDOWS (0b0b0baf356a8804a60b137aca038e5e)] -> xpath: //input[@placeholder='Username']]
2023-05-22 15:05:497 INFO  LoginPage :56 - Send text [[ChromeDriver: chrome on WINDOWS (0b0b0baf356a8804a60b137aca038e5e)] -> xpath: //input[@placeholder='Password']]
2023-05-22 15:05:214 INFO  LoginPage :45 - Click on [[ChromeDriver: chrome on WINDOWS (0b0b0baf356a8804a60b137aca038e5e)] -> xpath: //button[normalize-space()='Login']]
2023-05-22 15:05:913 INFO  HomePage :39 - Click on [[ChromeDriver: chrome on WINDOWS (0b0b0baf356a8804a60b137aca038e5e)] -> xpath: (//span[@class='oxd-text oxd-text--span oxd-main-menu-item--name'])[1]]
2023-05-22 15:05:334 INFO  ViewSystemUsersPage :131 - Get text [[ChromeDriver: chrome on WINDOWS (0b0b0baf356a8804a60b137aca038e5e)] -> xpath: //h5[normalize-space()='System Users']]
2023-05-22 15:05:152 INFO  AddUserPage :71 - Click add user : [[ChromeDriver: chrome on WINDOWS (0b0b0baf356a8804a60b137aca038e5e)] -> xpath: //button[normalize-space()='Add']]
2023-05-22 15:05:338 INFO  ViewSystemUsersPage :131 - Get text Proxy element for: DefaultElementLocator 'By.xpath: //h5[normalize-space()='System Users']'
2023-05-22 15:05:423 INFO  ManageBrowser :28 - Opening browser Chrome 
2023-05-22 15:05:155 INFO  LoginPage :50 - Send text [[ChromeDriver: chrome on WINDOWS (9cab60b3362fc257744aefc251e2ac63)] -> xpath: //input[@placeholder='Username']]
2023-05-22 15:05:385 INFO  LoginPage :56 - Send text [[ChromeDriver: chrome on WINDOWS (9cab60b3362fc257744aefc251e2ac63)] -> xpath: //input[@placeholder='Password']]
2023-05-22 15:05:743 INFO  LoginPage :45 - Click on [[ChromeDriver: chrome on WINDOWS (9cab60b3362fc257744aefc251e2ac63)] -> xpath: //button[normalize-space()='Login']]
2023-05-22 15:05:175 INFO  HomePage :39 - Click on [[ChromeDriver: chrome on WINDOWS (9cab60b3362fc257744aefc251e2ac63)] -> xpath: (//span[@class='oxd-text oxd-text--span oxd-main-menu-item--name'])[1]]
2023-05-22 15:05:615 INFO  ViewSystemUsersPage :131 - Get text [[ChromeDriver: chrome on WINDOWS (9cab60b3362fc257744aefc251e2ac63)] -> xpath: //h5[normalize-space()='System Users']]
2023-05-22 15:05:162 INFO  AddUserPage :71 - Click add user : [[ChromeDriver: chrome on WINDOWS (9cab60b3362fc257744aefc251e2ac63)] -> xpath: //button[normalize-space()='Add']]
2023-05-22 15:05:336 INFO  ViewSystemUsersPage :131 - Get text Proxy element for: DefaultElementLocator 'By.xpath: //h5[normalize-space()='System Users']'
2023-05-22 15:05:636 INFO  ManageBrowser :28 - Opening browser Chrome 
2023-05-22 15:05:654 INFO  LoginPage :50 - Send text [[ChromeDriver: chrome on WINDOWS (cdcd0de5aa3700a226cdac5a3adadaf2)] -> xpath: //input[@placeholder='Username']]
2023-05-22 15:05:877 INFO  LoginPage :56 - Send text [[ChromeDriver: chrome on WINDOWS (cdcd0de5aa3700a226cdac5a3adadaf2)] -> xpath: //input[@placeholder='Password']]
2023-05-22 15:05:176 INFO  LoginPage :45 - Click on [[ChromeDriver: chrome on WINDOWS (cdcd0de5aa3700a226cdac5a3adadaf2)] -> xpath: //button[normalize-space()='Login']]
2023-05-22 15:05:937 INFO  HomePage :39 - Click on [[ChromeDriver: chrome on WINDOWS (cdcd0de5aa3700a226cdac5a3adadaf2)] -> xpath: (//span[@class='oxd-text oxd-text--span oxd-main-menu-item--name'])[1]]
2023-05-22 15:05:592 INFO  ViewSystemUsersPage :125 - Get text Proxy element for: DefaultElementLocator 'By.xpath: //h6[normalize-space()='Add User']'
2023-05-22 15:05:459 INFO  ManageBrowser :28 - Opening browser Chrome 
2023-05-22 15:05:188 INFO  LoginPage :50 - Send text [[ChromeDriver: chrome on WINDOWS (3bd9e7816e67d02e9c9dcb26b82fda6f)] -> xpath: //input[@placeholder='Username']]
2023-05-22 15:05:522 INFO  LoginPage :56 - Send text [[ChromeDriver: chrome on WINDOWS (3bd9e7816e67d02e9c9dcb26b82fda6f)] -> xpath: //input[@placeholder='Password']]
2023-05-22 15:05:675 INFO  LoginPage :45 - Click on [[ChromeDriver: chrome on WINDOWS (3bd9e7816e67d02e9c9dcb26b82fda6f)] -> xpath: //button[normalize-space()='Login']]
2023-05-22 15:05:749 INFO  HomePage :39 - Click on [[ChromeDriver: chrome on WINDOWS (3bd9e7816e67d02e9c9dcb26b82fda6f)] -> xpath: (//span[@class='oxd-text oxd-text--span oxd-main-menu-item--name'])[1]]
2023-05-22 15:05:151 INFO  ViewSystemUsersPage :131 - Get text [[ChromeDriver: chrome on WINDOWS (3bd9e7816e67d02e9c9dcb26b82fda6f)] -> xpath: //h5[normalize-space()='System Users']]
2023-05-22 15:05:719 INFO  AddUserPage :71 - Click add user : [[ChromeDriver: chrome on WINDOWS (3bd9e7816e67d02e9c9dcb26b82fda6f)] -> xpath: //button[normalize-space()='Add']]
2023-05-22 15:05:308 INFO  ViewSystemUsersPage :125 - Get text [[ChromeDriver: chrome on WINDOWS (3bd9e7816e67d02e9c9dcb26b82fda6f)] -> xpath: //h6[normalize-space()='Add User']]
2023-05-22 15:05:572 INFO  AddUserPage :118 - Set role : [[ChromeDriver: chrome on WINDOWS (3bd9e7816e67d02e9c9dcb26b82fda6f)] -> xpath: //span[contains(text(),'Admin')]]
2023-05-22 15:05:758 INFO  AddUserPage :65 - Enter user name : [[ChromeDriver: chrome on WINDOWS (3bd9e7816e67d02e9c9dcb26b82fda6f)] -> xpath: (//input[@class='oxd-input oxd-input--active'])[2]]
2023-05-22 15:05:916 INFO  AddUserPage :65 - Enter user name : [[ChromeDriver: chrome on WINDOWS (3bd9e7816e67d02e9c9dcb26b82fda6f)] -> xpath: (//input[@class='oxd-input oxd-input--active'])[2]]
2023-05-22 15:05:86 INFO  AddUserPage :102 - Select status : [[ChromeDriver: chrome on WINDOWS (3bd9e7816e67d02e9c9dcb26b82fda6f)] -> xpath: (//i[@class='oxd-icon bi-caret-down-fill oxd-select-text--arrow'])[2]]
2023-05-22 15:05:218 INFO  AddUserPage :95 - Send text : [[ChromeDriver: chrome on WINDOWS (3bd9e7816e67d02e9c9dcb26b82fda6f)] -> xpath: (//input[@type='password'])[1]]
2023-05-22 15:05:443 INFO  AddUserPage :89 - Send text : [[ChromeDriver: chrome on WINDOWS (3bd9e7816e67d02e9c9dcb26b82fda6f)] -> xpath: (//input[@type='password'])[2]]
2023-05-22 15:05:552 INFO  AddUserPage :77 - Click on save : [[ChromeDriver: chrome on WINDOWS (3bd9e7816e67d02e9c9dcb26b82fda6f)] -> xpath: //button[@class='oxd-button oxd-button--medium oxd-button--secondary orangehrm-left-space']]
2023-05-22 15:05:869 INFO  AddUserPage :122 - Get text : Proxy element for: DefaultElementLocator 'By.xpath: //div[@class='oxd-toast-content oxd-toast-content--success']/p[2]'
2023-05-22 15:05:120 INFO  ManageBrowser :28 - Opening browser Chrome 
2023-05-22 15:05:231 INFO  LoginPage :50 - Send text [[ChromeDriver: chrome on WINDOWS (141095cfe8c7dac4011887eb26acff2d)] -> xpath: //input[@placeholder='Username']]
2023-05-22 15:05:439 INFO  LoginPage :56 - Send text [[ChromeDriver: chrome on WINDOWS (141095cfe8c7dac4011887eb26acff2d)] -> xpath: //input[@placeholder='Password']]
2023-05-22 15:05:548 INFO  LoginPage :45 - Click on [[ChromeDriver: chrome on WINDOWS (141095cfe8c7dac4011887eb26acff2d)] -> xpath: //button[normalize-space()='Login']]
2023-05-22 15:05:195 INFO  HomePage :39 - Click on [[ChromeDriver: chrome on WINDOWS (141095cfe8c7dac4011887eb26acff2d)] -> xpath: (//span[@class='oxd-text oxd-text--span oxd-main-menu-item--name'])[1]]
2023-05-22 15:05:603 INFO  ViewSystemUsersPage :131 - Get text [[ChromeDriver: chrome on WINDOWS (141095cfe8c7dac4011887eb26acff2d)] -> xpath: //h5[normalize-space()='System Users']]
2023-05-22 15:05:250 INFO  AddUserPage :71 - Click add user : [[ChromeDriver: chrome on WINDOWS (141095cfe8c7dac4011887eb26acff2d)] -> xpath: //button[normalize-space()='Add']]
2023-05-22 15:05:842 INFO  ViewSystemUsersPage :125 - Get text [[ChromeDriver: chrome on WINDOWS (141095cfe8c7dac4011887eb26acff2d)] -> xpath: //h6[normalize-space()='Add User']]
2023-05-22 15:05:140 INFO  AddUserPage :118 - Set role : [[ChromeDriver: chrome on WINDOWS (141095cfe8c7dac4011887eb26acff2d)] -> xpath: //span[contains(text(),'Admin')]]
2023-05-22 15:05:373 INFO  AddUserPage :65 - Enter user name : [[ChromeDriver: chrome on WINDOWS (141095cfe8c7dac4011887eb26acff2d)] -> xpath: (//input[@class='oxd-input oxd-input--active'])[2]]
2023-05-22 15:05:531 INFO  AddUserPage :65 - Enter user name : [[ChromeDriver: chrome on WINDOWS (141095cfe8c7dac4011887eb26acff2d)] -> xpath: (//input[@class='oxd-input oxd-input--active'])[2]]
2023-05-22 15:05:714 INFO  AddUserPage :102 - Select status : [[ChromeDriver: chrome on WINDOWS (141095cfe8c7dac4011887eb26acff2d)] -> xpath: (//i[@class='oxd-icon bi-caret-down-fill oxd-select-text--arrow'])[2]]
2023-05-22 15:05:846 INFO  AddUserPage :95 - Send text : [[ChromeDriver: chrome on WINDOWS (141095cfe8c7dac4011887eb26acff2d)] -> xpath: (//input[@type='password'])[1]]
2023-05-22 15:05:08 INFO  AddUserPage :89 - Send text : [[ChromeDriver: chrome on WINDOWS (141095cfe8c7dac4011887eb26acff2d)] -> xpath: (//input[@type='password'])[2]]
2023-05-22 15:05:105 INFO  AddUserPage :77 - Click on save : [[ChromeDriver: chrome on WINDOWS (141095cfe8c7dac4011887eb26acff2d)] -> xpath: //button[@class='oxd-button oxd-button--medium oxd-button--secondary orangehrm-left-space']]
2023-05-22 15:05:183 INFO  AddUserPage :122 - Get text : Proxy element for: DefaultElementLocator 'By.xpath: //div[@class='oxd-toast-content oxd-toast-content--success']/p[2]'
2023-05-22 16:05:754 INFO  ManageBrowser :28 - Opening browser Chrome 
2023-05-22 16:05:186 INFO  LoginPage :50 - Send text [[ChromeDriver: chrome on WINDOWS (206c4c6186f0de04bbb7ec3b9878ddbe)] -> xpath: //input[@placeholder='Username']]
2023-05-22 16:05:355 INFO  LoginPage :56 - Send text [[ChromeDriver: chrome on WINDOWS (206c4c6186f0de04bbb7ec3b9878ddbe)] -> xpath: //input[@placeholder='Password']]
2023-05-22 16:05:541 INFO  LoginPage :45 - Click on [[ChromeDriver: chrome on WINDOWS (206c4c6186f0de04bbb7ec3b9878ddbe)] -> xpath: //button[normalize-space()='Login']]
2023-05-22 16:05:26 INFO  HomePage :39 - Click on [[ChromeDriver: chrome on WINDOWS (206c4c6186f0de04bbb7ec3b9878ddbe)] -> xpath: (//span[@class='oxd-text oxd-text--span oxd-main-menu-item--name'])[1]]
2023-05-22 16:05:600 INFO  ViewSystemUsersPage :131 - Get text [[ChromeDriver: chrome on WINDOWS (206c4c6186f0de04bbb7ec3b9878ddbe)] -> xpath: //h5[normalize-space()='System Users']]
2023-05-22 16:05:923 INFO  AddUserPage :71 - Click add user : [[ChromeDriver: chrome on WINDOWS (206c4c6186f0de04bbb7ec3b9878ddbe)] -> xpath: //button[normalize-space()='Add']]
2023-05-22 16:05:767 INFO  ViewSystemUsersPage :125 - Get text [[ChromeDriver: chrome on WINDOWS (206c4c6186f0de04bbb7ec3b9878ddbe)] -> xpath: //h6[normalize-space()='Add User']]
2023-05-22 16:05:233 INFO  AddUserPage :118 - Set role : [[ChromeDriver: chrome on WINDOWS (206c4c6186f0de04bbb7ec3b9878ddbe)] -> xpath: //span[contains(text(),'Admin')]]
2023-05-22 16:05:634 INFO  AddUserPage :111 - Send text : [[ChromeDriver: chrome on WINDOWS (206c4c6186f0de04bbb7ec3b9878ddbe)] -> xpath: //input[@placeholder='Type for hints...']]
2023-05-22 16:05:935 INFO  AddUserPage :102 - Select status : [[ChromeDriver: chrome on WINDOWS (206c4c6186f0de04bbb7ec3b9878ddbe)] -> xpath: (//i[@class='oxd-icon bi-caret-down-fill oxd-select-text--arrow'])[2]]
2023-05-22 16:05:679 INFO  AddUserPage :65 - Enter user name : [[ChromeDriver: chrome on WINDOWS (206c4c6186f0de04bbb7ec3b9878ddbe)] -> xpath: (//input[@class='oxd-input oxd-input--active'])[2]]
2023-05-22 16:05:358 INFO  AddUserPage :95 - Send text : [[ChromeDriver: chrome on WINDOWS (206c4c6186f0de04bbb7ec3b9878ddbe)] -> xpath: (//input[@type='password'])[1]]
2023-05-22 16:05:558 INFO  AddUserPage :89 - Send text : [[ChromeDriver: chrome on WINDOWS (206c4c6186f0de04bbb7ec3b9878ddbe)] -> xpath: (//input[@type='password'])[2]]
2023-05-22 16:05:635 INFO  AddUserPage :77 - Click on save : [[ChromeDriver: chrome on WINDOWS (206c4c6186f0de04bbb7ec3b9878ddbe)] -> xpath: //button[@class='oxd-button oxd-button--medium oxd-button--secondary orangehrm-left-space']]
2023-05-22 16:05:42 INFO  AddUserPage :122 - Get text : [[ChromeDriver: chrome on WINDOWS (206c4c6186f0de04bbb7ec3b9878ddbe)] -> xpath: //div[@class='oxd-toast-content oxd-toast-content--success']/p[2]]
2023-05-22 16:05:384 INFO  ManageBrowser :28 - Opening browser Chrome 
2023-05-22 16:05:106 INFO  ManageBrowser :28 - Opening browser Chrome 
2023-05-22 16:05:498 INFO  ManageBrowser :28 - Opening browser Chrome 
2023-05-22 16:05:862 INFO  ManageBrowser :28 - Opening browser Chrome 
2023-05-22 16:05:815 INFO  ManageBrowser :28 - Opening browser Chrome 
2023-05-22 16:05:901 INFO  ManageBrowser :28 - Opening browser Chrome 
2023-05-22 16:05:297 INFO  ManageBrowser :28 - Opening browser Chrome 
2023-05-22 16:05:779 INFO  LoginPage :49 - Send text [[ChromeDriver: chrome on WINDOWS (23a9426c8cabb62e6c3a94ad47e8b169)] -> xpath: //input[@placeholder='username']]
2023-05-22 16:05:58 INFO  LoginPage :55 - Send text [[ChromeDriver: chrome on WINDOWS (23a9426c8cabb62e6c3a94ad47e8b169)] -> xpath: //input[@placeholder='password']]
2023-05-22 16:05:237 INFO  LoginPage :44 - Click on [[ChromeDriver: chrome on WINDOWS (23a9426c8cabb62e6c3a94ad47e8b169)] -> xpath: //button[normalize-space()='Login']]
2023-05-22 16:05:114 INFO  HomePage :39 - Click on [[ChromeDriver: chrome on WINDOWS (23a9426c8cabb62e6c3a94ad47e8b169)] -> xpath: (//span[@class='oxd-text oxd-text--span oxd-main-menu-item--name'])[1]]
2023-05-22 16:05:553 INFO  ViewSystemUsersPage :131 - Get text [[ChromeDriver: chrome on WINDOWS (23a9426c8cabb62e6c3a94ad47e8b169)] -> xpath: //h5[normalize-space()='System Users']]
2023-05-22 16:05:155 INFO  ViewSystemUsersPage :120 - Send text [[ChromeDriver: chrome on WINDOWS (23a9426c8cabb62e6c3a94ad47e8b169)] -> xpath: (//input[@class='oxd-input oxd-input--active'])[2]]
2023-05-22 16:05:502 INFO  AddUserPage :102 - Select status : [[ChromeDriver: chrome on WINDOWS (23a9426c8cabb62e6c3a94ad47e8b169)] -> xpath: (//i[@class='oxd-icon bi-caret-down-fill oxd-select-text--arrow'])[2]]
2023-05-22 16:05:617 INFO  ViewSystemUsersPage :94 - Click on [[ChromeDriver: chrome on WINDOWS (23a9426c8cabb62e6c3a94ad47e8b169)] -> xpath: //button[normalize-space()='Search']]
2023-05-22 16:05:953 INFO  ViewSystemUsersPage :75 - Get text [[ChromeDriver: chrome on WINDOWS (23a9426c8cabb62e6c3a94ad47e8b169)] -> xpath: //div[@class='oxd-table-card']/div/div[2]/div]
2023-05-22 16:05:587 INFO  ManageBrowser :28 - Opening browser Chrome 
2023-05-22 16:05:40 INFO  LoginPage :49 - Send text [[ChromeDriver: chrome on WINDOWS (eb67c1373c0faad1666907001c9d2ded)] -> xpath: //input[@placeholder='username']]
2023-05-22 16:05:309 INFO  LoginPage :55 - Send text [[ChromeDriver: chrome on WINDOWS (eb67c1373c0faad1666907001c9d2ded)] -> xpath: //input[@placeholder='password']]
2023-05-22 16:05:476 INFO  LoginPage :44 - Click on [[ChromeDriver: chrome on WINDOWS (eb67c1373c0faad1666907001c9d2ded)] -> xpath: //button[normalize-space()='Login']]
2023-05-22 16:05:416 INFO  HomePage :39 - Click on [[ChromeDriver: chrome on WINDOWS (eb67c1373c0faad1666907001c9d2ded)] -> xpath: (//span[@class='oxd-text oxd-text--span oxd-main-menu-item--name'])[1]]
2023-05-22 16:05:852 INFO  ViewSystemUsersPage :131 - Get text [[ChromeDriver: chrome on WINDOWS (eb67c1373c0faad1666907001c9d2ded)] -> xpath: //h5[normalize-space()='System Users']]
2023-05-22 16:05:347 INFO  ViewSystemUsersPage :120 - Send text [[ChromeDriver: chrome on WINDOWS (eb67c1373c0faad1666907001c9d2ded)] -> xpath: (//input[@class='oxd-input oxd-input--active'])[2]]
2023-05-22 16:05:614 INFO  AddUserPage :102 - Select status : [[ChromeDriver: chrome on WINDOWS (eb67c1373c0faad1666907001c9d2ded)] -> xpath: (//i[@class='oxd-icon bi-caret-down-fill oxd-select-text--arrow'])[2]]
2023-05-22 16:05:773 INFO  ViewSystemUsersPage :94 - Click on [[ChromeDriver: chrome on WINDOWS (eb67c1373c0faad1666907001c9d2ded)] -> xpath: //button[normalize-space()='Search']]
2023-05-22 16:05:166 INFO  ViewSystemUsersPage :75 - Get text [[ChromeDriver: chrome on WINDOWS (eb67c1373c0faad1666907001c9d2ded)] -> xpath: //div[@class='oxd-table-card']/div/div[2]/div]
2023-05-22 16:05:274 INFO  ViewSystemUsersPage :70 - Click on [[ChromeDriver: chrome on WINDOWS (eb67c1373c0faad1666907001c9d2ded)] -> xpath: (//i[@class='oxd-icon bi-check oxd-checkbox-input-icon'])[2]]
2023-05-22 16:05:451 INFO  ViewSystemUsersPage :82 - Click on [[ChromeDriver: chrome on WINDOWS (eb67c1373c0faad1666907001c9d2ded)] -> xpath: //button[normalize-space()='Delete Selected']]
2023-05-22 16:05:668 INFO  ViewSystemUsersPage :64 - Click on [[ChromeDriver: chrome on WINDOWS (eb67c1373c0faad1666907001c9d2ded)] -> xpath: //button[normalize-space()='Yes, Delete']]
2023-05-22 16:05:959 INFO  ViewSystemUsersPage :136 - Get text [[ChromeDriver: chrome on WINDOWS (eb67c1373c0faad1666907001c9d2ded)] -> xpath: //div[@class='oxd-toast-content oxd-toast-content--success']/p[2]]
2023-05-22 16:05:108 INFO  ManageBrowser :28 - Opening browser Chrome 
2023-05-22 16:05:473 INFO  LoginPage :49 - Send text [[ChromeDriver: chrome on WINDOWS (2973dc455d5fc26591e40672b21cffc7)] -> xpath: //input[@placeholder='username']]
2023-05-22 16:05:701 INFO  LoginPage :55 - Send text [[ChromeDriver: chrome on WINDOWS (2973dc455d5fc26591e40672b21cffc7)] -> xpath: //input[@placeholder='password']]
2023-05-22 16:05:949 INFO  LoginPage :44 - Click on [[ChromeDriver: chrome on WINDOWS (2973dc455d5fc26591e40672b21cffc7)] -> xpath: //button[normalize-space()='Login']]
2023-05-22 16:05:489 INFO  HomePage :39 - Click on [[ChromeDriver: chrome on WINDOWS (2973dc455d5fc26591e40672b21cffc7)] -> xpath: (//span[@class='oxd-text oxd-text--span oxd-main-menu-item--name'])[1]]
2023-05-22 16:05:955 INFO  ViewSystemUsersPage :131 - Get text [[ChromeDriver: chrome on WINDOWS (2973dc455d5fc26591e40672b21cffc7)] -> xpath: //h5[normalize-space()='System Users']]
2023-05-22 16:05:455 INFO  ViewSystemUsersPage :120 - Send text [[ChromeDriver: chrome on WINDOWS (2973dc455d5fc26591e40672b21cffc7)] -> xpath: (//input[@class='oxd-input oxd-input--active'])[2]]
2023-05-22 16:05:692 INFO  AddUserPage :102 - Select status : [[ChromeDriver: chrome on WINDOWS (2973dc455d5fc26591e40672b21cffc7)] -> xpath: (//i[@class='oxd-icon bi-caret-down-fill oxd-select-text--arrow'])[2]]
2023-05-22 16:05:856 INFO  ViewSystemUsersPage :94 - Click on [[ChromeDriver: chrome on WINDOWS (2973dc455d5fc26591e40672b21cffc7)] -> xpath: //button[normalize-space()='Search']]
2023-05-22 16:05:328 INFO  ManageBrowser :28 - Opening browser Chrome 
2023-05-22 16:05:658 INFO  LoginPage :49 - Send text [[ChromeDriver: chrome on WINDOWS (89bf49d56fb7f159e932728678fcc750)] -> xpath: //input[@placeholder='username']]
2023-05-22 16:05:938 INFO  LoginPage :55 - Send text [[ChromeDriver: chrome on WINDOWS (89bf49d56fb7f159e932728678fcc750)] -> xpath: //input[@placeholder='password']]
2023-05-22 16:05:284 INFO  LoginPage :44 - Click on [[ChromeDriver: chrome on WINDOWS (89bf49d56fb7f159e932728678fcc750)] -> xpath: //button[normalize-space()='Login']]
2023-05-22 16:05:02 INFO  HomePage :39 - Click on [[ChromeDriver: chrome on WINDOWS (89bf49d56fb7f159e932728678fcc750)] -> xpath: (//span[@class='oxd-text oxd-text--span oxd-main-menu-item--name'])[1]]
2023-05-22 16:05:433 INFO  ViewSystemUsersPage :131 - Get text [[ChromeDriver: chrome on WINDOWS (89bf49d56fb7f159e932728678fcc750)] -> xpath: //h5[normalize-space()='System Users']]
2023-05-22 16:05:915 INFO  ViewSystemUsersPage :120 - Send text [[ChromeDriver: chrome on WINDOWS (89bf49d56fb7f159e932728678fcc750)] -> xpath: (//input[@class='oxd-input oxd-input--active'])[2]]
2023-05-22 16:05:165 INFO  AddUserPage :102 - Select status : [[ChromeDriver: chrome on WINDOWS (89bf49d56fb7f159e932728678fcc750)] -> xpath: (//i[@class='oxd-icon bi-caret-down-fill oxd-select-text--arrow'])[2]]
2023-05-22 16:05:384 INFO  ViewSystemUsersPage :94 - Click on [[ChromeDriver: chrome on WINDOWS (89bf49d56fb7f159e932728678fcc750)] -> xpath: //button[normalize-space()='Search']]
2023-05-22 16:05:708 INFO  AddUserPage :127 - Get text : [[ChromeDriver: chrome on WINDOWS (89bf49d56fb7f159e932728678fcc750)] -> xpath: //span[normalize-space()='No Records Found']]
2023-05-22 17:05:598 INFO  ManageBrowser :28 - Opening browser Chrome 
2023-05-22 17:05:473 INFO  ManageBrowser :28 - Opening browser Chrome 
2023-05-22 17:05:937 INFO  LoginPage :34 - Logo is displayed [[ChromeDriver: chrome on WINDOWS (792ab2fb13b1aa4ab6bc0f450a0776eb)] -> xpath: //div[@class='orangehrm-login-logo']//img[@alt='orangehrm-logo']]
2023-05-22 17:05:506 INFO  ManageBrowser :28 - Opening browser Chrome 
2023-05-22 17:05:413 INFO  LoginPage :49 - Send text [[ChromeDriver: chrome on WINDOWS (521fa23b5af1995066591160594226e2)] -> xpath: //input[@placeholder='username']]
2023-05-22 17:05:623 INFO  LoginPage :55 - Send text [[ChromeDriver: chrome on WINDOWS (521fa23b5af1995066591160594226e2)] -> xpath: //input[@placeholder='password']]
2023-05-22 17:05:748 INFO  LoginPage :44 - Click on [[ChromeDriver: chrome on WINDOWS (521fa23b5af1995066591160594226e2)] -> xpath: //button[normalize-space()='Login']]
2023-05-22 17:05:467 INFO  DashboardPage :36 - Click on [[ChromeDriver: chrome on WINDOWS (521fa23b5af1995066591160594226e2)] -> xpath: //img[@class='oxd-userdropdown-img']]
2023-05-22 17:05:485 INFO  DashboardPage :30 - Mouse hover on [[ChromeDriver: chrome on WINDOWS (521fa23b5af1995066591160594226e2)] -> xpath: (//a[@class='oxd-userdropdown-link'])[4]]
2023-05-22 17:05:877 INFO  LoginPage :38 - Get text [[ChromeDriver: chrome on WINDOWS (521fa23b5af1995066591160594226e2)] -> xpath: //h5[@class='oxd-text oxd-text--h5 orangehrm-login-title']]
2023-05-22 17:05:569 INFO  ManageBrowser :28 - Opening browser Chrome 
2023-05-22 17:05:144 INFO  LoginPage :49 - Send text [[ChromeDriver: chrome on WINDOWS (81dafc86640dbc28959e4f388b8f23d1)] -> xpath: //input[@placeholder='username']]
2023-05-22 17:05:368 INFO  LoginPage :55 - Send text [[ChromeDriver: chrome on WINDOWS (81dafc86640dbc28959e4f388b8f23d1)] -> xpath: //input[@placeholder='password']]
2023-05-22 17:05:585 INFO  LoginPage :44 - Click on [[ChromeDriver: chrome on WINDOWS (81dafc86640dbc28959e4f388b8f23d1)] -> xpath: //button[normalize-space()='Login']]
2023-05-22 17:05:72 INFO  DashboardPage :41 - Get text [[ChromeDriver: chrome on WINDOWS (81dafc86640dbc28959e4f388b8f23d1)] -> xpath: //h6[normalize-space()='Dashboard']]
2023-05-22 17:05:323 INFO  ManageBrowser :28 - Opening browser Chrome 
2023-05-22 17:05:257 INFO  LoginPage :34 - Logo is displayed [[ChromeDriver: chrome on WINDOWS (b50490dea22640167afb0b72836d241c)] -> xpath: //div[@class='orangehrm-login-logo']//img[@alt='orangehrm-logo']]
2023-05-22 17:05:714 INFO  ManageBrowser :28 - Opening browser Chrome 
2023-05-22 17:05:954 INFO  LoginPage :49 - Send text [[ChromeDriver: chrome on WINDOWS (2494ca928cf072f6a3999cff50ec9034)] -> xpath: //input[@placeholder='username']]
2023-05-22 17:05:165 INFO  LoginPage :55 - Send text [[ChromeDriver: chrome on WINDOWS (2494ca928cf072f6a3999cff50ec9034)] -> xpath: //input[@placeholder='password']]
2023-05-22 17:05:259 INFO  LoginPage :44 - Click on [[ChromeDriver: chrome on WINDOWS (2494ca928cf072f6a3999cff50ec9034)] -> xpath: //button[normalize-space()='Login']]
2023-05-22 17:05:882 INFO  DashboardPage :36 - Click on [[ChromeDriver: chrome on WINDOWS (2494ca928cf072f6a3999cff50ec9034)] -> xpath: //img[@class='oxd-userdropdown-img']]
2023-05-22 17:05:16 INFO  DashboardPage :30 - Mouse hover on [[ChromeDriver: chrome on WINDOWS (2494ca928cf072f6a3999cff50ec9034)] -> xpath: (//a[@class='oxd-userdropdown-link'])[4]]
2023-05-22 17:05:342 INFO  LoginPage :38 - Get text [[ChromeDriver: chrome on WINDOWS (2494ca928cf072f6a3999cff50ec9034)] -> xpath: //h5[@class='oxd-text oxd-text--h5 orangehrm-login-title']]
2023-05-22 17:05:342 INFO  ManageBrowser :28 - Opening browser Chrome 
2023-05-22 17:05:513 INFO  LoginPage :49 - Send text [[ChromeDriver: chrome on WINDOWS (b82427a4fbf1a4ad55a77216445c78e8)] -> xpath: //input[@placeholder='username']]
2023-05-22 17:05:659 INFO  LoginPage :55 - Send text [[ChromeDriver: chrome on WINDOWS (b82427a4fbf1a4ad55a77216445c78e8)] -> xpath: //input[@placeholder='password']]
2023-05-22 17:05:773 INFO  LoginPage :44 - Click on [[ChromeDriver: chrome on WINDOWS (b82427a4fbf1a4ad55a77216445c78e8)] -> xpath: //button[normalize-space()='Login']]
2023-05-22 17:05:688 INFO  HomePage :39 - Click on [[ChromeDriver: chrome on WINDOWS (b82427a4fbf1a4ad55a77216445c78e8)] -> xpath: (//span[@class='oxd-text oxd-text--span oxd-main-menu-item--name'])[1]]
2023-05-22 17:05:186 INFO  ViewSystemUsersPage :131 - Get text [[ChromeDriver: chrome on WINDOWS (b82427a4fbf1a4ad55a77216445c78e8)] -> xpath: //h5[normalize-space()='System Users']]
2023-05-22 17:05:898 INFO  AddUserPage :71 - Click add user : [[ChromeDriver: chrome on WINDOWS (b82427a4fbf1a4ad55a77216445c78e8)] -> xpath: //button[normalize-space()='Add']]
2023-05-22 17:05:466 INFO  ViewSystemUsersPage :125 - Get text [[ChromeDriver: chrome on WINDOWS (b82427a4fbf1a4ad55a77216445c78e8)] -> xpath: //h6[normalize-space()='Add User']]
2023-05-22 17:05:722 INFO  AddUserPage :118 - Set role : [[ChromeDriver: chrome on WINDOWS (b82427a4fbf1a4ad55a77216445c78e8)] -> xpath: //span[contains(text(),'Admin')]]
2023-05-22 17:05:177 INFO  AddUserPage :111 - Send text : [[ChromeDriver: chrome on WINDOWS (b82427a4fbf1a4ad55a77216445c78e8)] -> xpath: //input[@placeholder='Type for hints...']]
2023-05-22 17:05:437 INFO  AddUserPage :102 - Select status : [[ChromeDriver: chrome on WINDOWS (b82427a4fbf1a4ad55a77216445c78e8)] -> xpath: (//i[@class='oxd-icon bi-caret-down-fill oxd-select-text--arrow'])[2]]
2023-05-22 17:05:132 INFO  AddUserPage :65 - Enter user name : [[ChromeDriver: chrome on WINDOWS (b82427a4fbf1a4ad55a77216445c78e8)] -> xpath: (//input[@class='oxd-input oxd-input--active'])[2]]
2023-05-22 17:05:762 INFO  AddUserPage :95 - Send text : [[ChromeDriver: chrome on WINDOWS (b82427a4fbf1a4ad55a77216445c78e8)] -> xpath: (//input[@type='password'])[1]]
2023-05-22 17:05:948 INFO  AddUserPage :89 - Send text : [[ChromeDriver: chrome on WINDOWS (b82427a4fbf1a4ad55a77216445c78e8)] -> xpath: (//input[@type='password'])[2]]
2023-05-22 17:05:38 INFO  AddUserPage :77 - Click on save : [[ChromeDriver: chrome on WINDOWS (b82427a4fbf1a4ad55a77216445c78e8)] -> xpath: //button[@class='oxd-button oxd-button--medium oxd-button--secondary orangehrm-left-space']]
2023-05-22 17:05:662 INFO  AddUserPage :122 - Get text : [[ChromeDriver: chrome on WINDOWS (b82427a4fbf1a4ad55a77216445c78e8)] -> xpath: //div[@class='oxd-toast-content oxd-toast-content--success']/p[2]]
2023-05-22 17:05:398 INFO  ManageBrowser :28 - Opening browser Chrome 
2023-05-22 17:05:446 INFO  LoginPage :49 - Send text [[ChromeDriver: chrome on WINDOWS (21fb5e5dcf8c06122947ddf0ec1fdd86)] -> xpath: //input[@placeholder='username']]
2023-05-22 17:05:645 INFO  LoginPage :55 - Send text [[ChromeDriver: chrome on WINDOWS (21fb5e5dcf8c06122947ddf0ec1fdd86)] -> xpath: //input[@placeholder='password']]
2023-05-22 17:05:714 INFO  LoginPage :44 - Click on [[ChromeDriver: chrome on WINDOWS (21fb5e5dcf8c06122947ddf0ec1fdd86)] -> xpath: //button[normalize-space()='Login']]
2023-05-22 17:05:428 INFO  HomePage :39 - Click on [[ChromeDriver: chrome on WINDOWS (21fb5e5dcf8c06122947ddf0ec1fdd86)] -> xpath: (//span[@class='oxd-text oxd-text--span oxd-main-menu-item--name'])[1]]
2023-05-22 17:05:986 INFO  ViewSystemUsersPage :131 - Get text [[ChromeDriver: chrome on WINDOWS (21fb5e5dcf8c06122947ddf0ec1fdd86)] -> xpath: //h5[normalize-space()='System Users']]
2023-05-22 17:05:492 INFO  ViewSystemUsersPage :120 - Send text [[ChromeDriver: chrome on WINDOWS (21fb5e5dcf8c06122947ddf0ec1fdd86)] -> xpath: (//input[@class='oxd-input oxd-input--active'])[2]]
2023-05-22 17:05:652 INFO  AddUserPage :102 - Select status : [[ChromeDriver: chrome on WINDOWS (21fb5e5dcf8c06122947ddf0ec1fdd86)] -> xpath: (//i[@class='oxd-icon bi-caret-down-fill oxd-select-text--arrow'])[2]]
2023-05-22 17:05:766 INFO  ViewSystemUsersPage :94 - Click on [[ChromeDriver: chrome on WINDOWS (21fb5e5dcf8c06122947ddf0ec1fdd86)] -> xpath: //button[normalize-space()='Search']]
2023-05-22 17:05:49 INFO  ViewSystemUsersPage :75 - Get text [[ChromeDriver: chrome on WINDOWS (21fb5e5dcf8c06122947ddf0ec1fdd86)] -> xpath: //div[@class='oxd-table-card']/div/div[2]/div]
2023-05-22 17:05:184 INFO  ManageBrowser :28 - Opening browser Chrome 
2023-05-22 17:05:199 INFO  LoginPage :49 - Send text [[ChromeDriver: chrome on WINDOWS (f9344a01dfc3e7d11cb17fdaf307fb38)] -> xpath: //input[@placeholder='username']]
2023-05-22 17:05:352 INFO  LoginPage :55 - Send text [[ChromeDriver: chrome on WINDOWS (f9344a01dfc3e7d11cb17fdaf307fb38)] -> xpath: //input[@placeholder='password']]
2023-05-22 17:05:433 INFO  LoginPage :44 - Click on [[ChromeDriver: chrome on WINDOWS (f9344a01dfc3e7d11cb17fdaf307fb38)] -> xpath: //button[normalize-space()='Login']]
2023-05-22 17:05:581 INFO  HomePage :39 - Click on [[ChromeDriver: chrome on WINDOWS (f9344a01dfc3e7d11cb17fdaf307fb38)] -> xpath: (//span[@class='oxd-text oxd-text--span oxd-main-menu-item--name'])[1]]
2023-05-22 17:05:22 INFO  ViewSystemUsersPage :131 - Get text [[ChromeDriver: chrome on WINDOWS (f9344a01dfc3e7d11cb17fdaf307fb38)] -> xpath: //h5[normalize-space()='System Users']]
2023-05-22 17:05:476 INFO  ViewSystemUsersPage :120 - Send text [[ChromeDriver: chrome on WINDOWS (f9344a01dfc3e7d11cb17fdaf307fb38)] -> xpath: (//input[@class='oxd-input oxd-input--active'])[2]]
2023-05-22 17:05:716 INFO  AddUserPage :102 - Select status : [[ChromeDriver: chrome on WINDOWS (f9344a01dfc3e7d11cb17fdaf307fb38)] -> xpath: (//i[@class='oxd-icon bi-caret-down-fill oxd-select-text--arrow'])[2]]
2023-05-22 17:05:909 INFO  ViewSystemUsersPage :94 - Click on [[ChromeDriver: chrome on WINDOWS (f9344a01dfc3e7d11cb17fdaf307fb38)] -> xpath: //button[normalize-space()='Search']]
2023-05-22 17:05:249 INFO  ViewSystemUsersPage :75 - Get text [[ChromeDriver: chrome on WINDOWS (f9344a01dfc3e7d11cb17fdaf307fb38)] -> xpath: //div[@class='oxd-table-card']/div/div[2]/div]
2023-05-22 17:05:393 INFO  ViewSystemUsersPage :70 - Click on [[ChromeDriver: chrome on WINDOWS (f9344a01dfc3e7d11cb17fdaf307fb38)] -> xpath: (//i[@class='oxd-icon bi-check oxd-checkbox-input-icon'])[2]]
2023-05-22 17:05:611 INFO  ViewSystemUsersPage :82 - Click on [[ChromeDriver: chrome on WINDOWS (f9344a01dfc3e7d11cb17fdaf307fb38)] -> xpath: //button[normalize-space()='Delete Selected']]
2023-05-22 17:05:808 INFO  ViewSystemUsersPage :64 - Click on [[ChromeDriver: chrome on WINDOWS (f9344a01dfc3e7d11cb17fdaf307fb38)] -> xpath: //button[normalize-space()='Yes, Delete']]
2023-05-22 17:05:33 INFO  ViewSystemUsersPage :136 - Get text [[ChromeDriver: chrome on WINDOWS (f9344a01dfc3e7d11cb17fdaf307fb38)] -> xpath: //div[@class='oxd-toast-content oxd-toast-content--success']/p[2]]
2023-05-22 17:05:296 INFO  ManageBrowser :28 - Opening browser Chrome 
2023-05-22 17:05:982 INFO  LoginPage :49 - Send text [[ChromeDriver: chrome on WINDOWS (899a8703e1b0bff4fdb7824d6390bd34)] -> xpath: //input[@placeholder='username']]
2023-05-22 17:05:157 INFO  LoginPage :55 - Send text [[ChromeDriver: chrome on WINDOWS (899a8703e1b0bff4fdb7824d6390bd34)] -> xpath: //input[@placeholder='password']]
2023-05-22 17:05:234 INFO  LoginPage :44 - Click on [[ChromeDriver: chrome on WINDOWS (899a8703e1b0bff4fdb7824d6390bd34)] -> xpath: //button[normalize-space()='Login']]
2023-05-22 17:05:25 INFO  HomePage :39 - Click on [[ChromeDriver: chrome on WINDOWS (899a8703e1b0bff4fdb7824d6390bd34)] -> xpath: (//span[@class='oxd-text oxd-text--span oxd-main-menu-item--name'])[1]]
2023-05-22 17:05:528 INFO  ViewSystemUsersPage :131 - Get text [[ChromeDriver: chrome on WINDOWS (899a8703e1b0bff4fdb7824d6390bd34)] -> xpath: //h5[normalize-space()='System Users']]
2023-05-22 17:05:995 INFO  ViewSystemUsersPage :120 - Send text [[ChromeDriver: chrome on WINDOWS (899a8703e1b0bff4fdb7824d6390bd34)] -> xpath: (//input[@class='oxd-input oxd-input--active'])[2]]
2023-05-22 17:05:148 INFO  AddUserPage :102 - Select status : [[ChromeDriver: chrome on WINDOWS (899a8703e1b0bff4fdb7824d6390bd34)] -> xpath: (//i[@class='oxd-icon bi-caret-down-fill oxd-select-text--arrow'])[2]]
2023-05-22 17:05:249 INFO  ViewSystemUsersPage :94 - Click on [[ChromeDriver: chrome on WINDOWS (899a8703e1b0bff4fdb7824d6390bd34)] -> xpath: //button[normalize-space()='Search']]
2023-05-22 17:05:623 INFO  AddUserPage :127 - Get text : [[ChromeDriver: chrome on WINDOWS (899a8703e1b0bff4fdb7824d6390bd34)] -> xpath: //span[normalize-space()='No Records Found']]
2023-05-23 11:05:689 INFO  ManageBrowser :28 - Opening browser Chrome 
2023-05-23 11:05:588 INFO  ManageBrowser :28 - Opening browser Chrome 
2023-05-23 11:05:478 INFO  LoginPage :34 - Logo is displayed [[ChromeDriver: chrome on WINDOWS (b1794e0361c5d1e69c747425f0c91bf9)] -> xpath: //div[@class='orangehrm-login-logo']//img[@alt='orangehrm-logo']]
2023-05-23 11:05:625 INFO  ManageBrowser :28 - Opening browser Chrome 
2023-05-23 11:05:60 INFO  ManageBrowser :28 - Opening browser Chrome 
2023-05-23 11:05:450 INFO  ManageBrowser :28 - Opening browser Chrome 
2023-05-23 11:05:488 INFO  ManageBrowser :28 - Opening browser Chrome 
2023-05-23 11:05:898 INFO  ManageBrowser :28 - Opening browser Chrome 
2023-05-23 11:05:140 INFO  ManageBrowser :28 - Opening browser Chrome 
2023-05-23 11:05:08 INFO  LoginPage :49 - Send text [[ChromeDriver: chrome on WINDOWS (de1f867733b18f348b9c68e0d7aaf765)] -> xpath: //input[@name='username']]
2023-05-23 11:05:211 INFO  LoginPage :55 - Send text [[ChromeDriver: chrome on WINDOWS (de1f867733b18f348b9c68e0d7aaf765)] -> xpath: //input[@name='password']]
2023-05-23 11:05:356 INFO  LoginPage :44 - Click on [[ChromeDriver: chrome on WINDOWS (de1f867733b18f348b9c68e0d7aaf765)] -> xpath: //button[normalize-space()='Login']]
2023-05-23 11:05:755 INFO  DashboardPage :41 - Get text [[ChromeDriver: chrome on WINDOWS (de1f867733b18f348b9c68e0d7aaf765)] -> xpath: //h6[normalize-space()='Dashboard']]
2023-05-23 11:05:597 INFO  ManageBrowser :28 - Opening browser Chrome 
2023-05-23 11:05:24 INFO  LoginPage :34 - Logo is displayed [[ChromeDriver: chrome on WINDOWS (7c425d5ad2ecf6dbeda6a61f9bd9c956)] -> xpath: //div[@class='orangehrm-login-logo']//img[@alt='orangehrm-logo']]
2023-05-23 11:05:907 INFO  ManageBrowser :28 - Opening browser Chrome 
2023-05-23 11:05:942 INFO  LoginPage :49 - Send text [[ChromeDriver: chrome on WINDOWS (d0995a4452b7d9a737a260a9f50296a6)] -> xpath: //input[@name='username']]
2023-05-23 11:05:188 INFO  LoginPage :55 - Send text [[ChromeDriver: chrome on WINDOWS (d0995a4452b7d9a737a260a9f50296a6)] -> xpath: //input[@name='password']]
2023-05-23 11:05:348 INFO  LoginPage :44 - Click on [[ChromeDriver: chrome on WINDOWS (d0995a4452b7d9a737a260a9f50296a6)] -> xpath: //button[normalize-space()='Login']]
2023-05-23 11:05:998 INFO  DashboardPage :36 - Click on [[ChromeDriver: chrome on WINDOWS (d0995a4452b7d9a737a260a9f50296a6)] -> xpath: //img[@class='oxd-userdropdown-img']]
2023-05-23 11:05:182 INFO  DashboardPage :30 - Mouse hover on [[ChromeDriver: chrome on WINDOWS (d0995a4452b7d9a737a260a9f50296a6)] -> xpath: (//a[@class='oxd-userdropdown-link'])[4]]
2023-05-23 11:05:258 INFO  LoginPage :38 - Get text Proxy element for: DefaultElementLocator 'By.xpath: //h5[@class='oxd-text oxd-text--h5 orangehrm-login-title']'
2023-05-23 11:05:386 INFO  ManageBrowser :28 - Opening browser Chrome 
2023-05-23 11:05:178 INFO  LoginPage :49 - Send text [[ChromeDriver: chrome on WINDOWS (c124107a6aed069591d3471e1f35a52f)] -> xpath: //input[@name='username']]
2023-05-23 11:05:371 INFO  LoginPage :55 - Send text [[ChromeDriver: chrome on WINDOWS (c124107a6aed069591d3471e1f35a52f)] -> xpath: //input[@name='password']]
2023-05-23 11:05:418 INFO  LoginPage :44 - Click on [[ChromeDriver: chrome on WINDOWS (c124107a6aed069591d3471e1f35a52f)] -> xpath: //button[normalize-space()='Login']]
2023-05-23 11:05:210 INFO  HomePage :39 - Click on [[ChromeDriver: chrome on WINDOWS (c124107a6aed069591d3471e1f35a52f)] -> xpath: (//span[@class='oxd-text oxd-text--span oxd-main-menu-item--name'])[1]]
2023-05-23 11:05:668 INFO  ViewSystemUsersPage :131 - Get text [[ChromeDriver: chrome on WINDOWS (c124107a6aed069591d3471e1f35a52f)] -> xpath: //h5[normalize-space()='System Users']]
2023-05-23 11:05:397 INFO  AddUserPage :71 - Click add user : [[ChromeDriver: chrome on WINDOWS (c124107a6aed069591d3471e1f35a52f)] -> xpath: //button[normalize-space()='Add']]
2023-05-23 11:05:933 INFO  ViewSystemUsersPage :125 - Get text [[ChromeDriver: chrome on WINDOWS (c124107a6aed069591d3471e1f35a52f)] -> xpath: //h6[normalize-space()='Add User']]
2023-05-23 11:05:193 INFO  AddUserPage :118 - Set role : [[ChromeDriver: chrome on WINDOWS (c124107a6aed069591d3471e1f35a52f)] -> xpath: //span[contains(text(),'Admin')]]
2023-05-23 11:05:91 INFO  ManageBrowser :28 - Opening browser Chrome 
2023-05-23 11:05:914 INFO  LoginPage :49 - Send text [[ChromeDriver: chrome on WINDOWS (c111ba16f5cbbd53efb95b8fbc902b58)] -> xpath: //input[@name='username']]
2023-05-23 11:05:139 INFO  LoginPage :55 - Send text [[ChromeDriver: chrome on WINDOWS (c111ba16f5cbbd53efb95b8fbc902b58)] -> xpath: //input[@name='password']]
2023-05-23 11:05:237 INFO  LoginPage :44 - Click on [[ChromeDriver: chrome on WINDOWS (c111ba16f5cbbd53efb95b8fbc902b58)] -> xpath: //button[normalize-space()='Login']]
2023-05-23 11:05:837 INFO  HomePage :39 - Click on [[ChromeDriver: chrome on WINDOWS (c111ba16f5cbbd53efb95b8fbc902b58)] -> xpath: (//span[@class='oxd-text oxd-text--span oxd-main-menu-item--name'])[1]]
2023-05-23 11:05:272 INFO  ViewSystemUsersPage :131 - Get text [[ChromeDriver: chrome on WINDOWS (c111ba16f5cbbd53efb95b8fbc902b58)] -> xpath: //h5[normalize-space()='System Users']]
2023-05-23 11:05:632 INFO  ViewSystemUsersPage :120 - Send text [[ChromeDriver: chrome on WINDOWS (c111ba16f5cbbd53efb95b8fbc902b58)] -> xpath: (//input[@class='oxd-input oxd-input--active'])[2]]
2023-05-23 11:05:857 INFO  AddUserPage :102 - Select status : [[ChromeDriver: chrome on WINDOWS (c111ba16f5cbbd53efb95b8fbc902b58)] -> xpath: (//i[@class='oxd-icon bi-caret-down-fill oxd-select-text--arrow'])[2]]
2023-05-23 11:05:974 INFO  ViewSystemUsersPage :94 - Click on [[ChromeDriver: chrome on WINDOWS (c111ba16f5cbbd53efb95b8fbc902b58)] -> xpath: //button[normalize-space()='Search']]
2023-05-23 11:05:28 INFO  ViewSystemUsersPage :75 - Get text Proxy element for: DefaultElementLocator 'By.xpath: //div[@class='oxd-table-card']/div/div[2]/div'
2023-05-23 11:05:649 INFO  ManageBrowser :28 - Opening browser Chrome 
2023-05-23 11:05:491 INFO  LoginPage :49 - Send text [[ChromeDriver: chrome on WINDOWS (5d051ab2dfba1d20ad227c1054ddeac6)] -> xpath: //input[@name='username']]
2023-05-23 11:05:667 INFO  LoginPage :55 - Send text [[ChromeDriver: chrome on WINDOWS (5d051ab2dfba1d20ad227c1054ddeac6)] -> xpath: //input[@name='password']]
2023-05-23 11:05:835 INFO  LoginPage :44 - Click on [[ChromeDriver: chrome on WINDOWS (5d051ab2dfba1d20ad227c1054ddeac6)] -> xpath: //button[normalize-space()='Login']]
2023-05-23 11:05:374 INFO  HomePage :39 - Click on [[ChromeDriver: chrome on WINDOWS (5d051ab2dfba1d20ad227c1054ddeac6)] -> xpath: (//span[@class='oxd-text oxd-text--span oxd-main-menu-item--name'])[1]]
2023-05-23 11:05:750 INFO  ViewSystemUsersPage :131 - Get text [[ChromeDriver: chrome on WINDOWS (5d051ab2dfba1d20ad227c1054ddeac6)] -> xpath: //h5[normalize-space()='System Users']]
2023-05-23 11:05:131 INFO  ViewSystemUsersPage :120 - Send text [[ChromeDriver: chrome on WINDOWS (5d051ab2dfba1d20ad227c1054ddeac6)] -> xpath: (//input[@class='oxd-input oxd-input--active'])[2]]
2023-05-23 11:05:435 INFO  AddUserPage :102 - Select status : [[ChromeDriver: chrome on WINDOWS (5d051ab2dfba1d20ad227c1054ddeac6)] -> xpath: (//i[@class='oxd-icon bi-caret-down-fill oxd-select-text--arrow'])[2]]
2023-05-23 11:05:550 INFO  ViewSystemUsersPage :94 - Click on [[ChromeDriver: chrome on WINDOWS (5d051ab2dfba1d20ad227c1054ddeac6)] -> xpath: //button[normalize-space()='Search']]
2023-05-23 11:05:602 INFO  ViewSystemUsersPage :75 - Get text Proxy element for: DefaultElementLocator 'By.xpath: //div[@class='oxd-table-card']/div/div[2]/div'
2023-05-23 11:05:872 INFO  ManageBrowser :28 - Opening browser Chrome 
2023-05-23 11:05:86 INFO  LoginPage :49 - Send text [[ChromeDriver: chrome on WINDOWS (d254608c0a2db788009a51677ebb2e14)] -> xpath: //input[@name='username']]
2023-05-23 11:05:270 INFO  LoginPage :55 - Send text [[ChromeDriver: chrome on WINDOWS (d254608c0a2db788009a51677ebb2e14)] -> xpath: //input[@name='password']]
2023-05-23 11:05:358 INFO  LoginPage :44 - Click on [[ChromeDriver: chrome on WINDOWS (d254608c0a2db788009a51677ebb2e14)] -> xpath: //button[normalize-space()='Login']]
2023-05-23 11:05:978 INFO  HomePage :39 - Click on [[ChromeDriver: chrome on WINDOWS (d254608c0a2db788009a51677ebb2e14)] -> xpath: (//span[@class='oxd-text oxd-text--span oxd-main-menu-item--name'])[1]]
2023-05-23 11:05:417 INFO  ViewSystemUsersPage :131 - Get text [[ChromeDriver: chrome on WINDOWS (d254608c0a2db788009a51677ebb2e14)] -> xpath: //h5[normalize-space()='System Users']]
2023-05-23 11:05:773 INFO  ViewSystemUsersPage :120 - Send text [[ChromeDriver: chrome on WINDOWS (d254608c0a2db788009a51677ebb2e14)] -> xpath: (//input[@class='oxd-input oxd-input--active'])[2]]
2023-05-23 11:05:979 INFO  AddUserPage :102 - Select status : [[ChromeDriver: chrome on WINDOWS (d254608c0a2db788009a51677ebb2e14)] -> xpath: (//i[@class='oxd-icon bi-caret-down-fill oxd-select-text--arrow'])[2]]
2023-05-23 11:05:78 INFO  ViewSystemUsersPage :94 - Click on [[ChromeDriver: chrome on WINDOWS (d254608c0a2db788009a51677ebb2e14)] -> xpath: //button[normalize-space()='Search']]
2023-05-23 11:05:281 INFO  AddUserPage :127 - Get text : [[ChromeDriver: chrome on WINDOWS (d254608c0a2db788009a51677ebb2e14)] -> xpath: //span[normalize-space()='No Records Found']]
2023-05-23 21:05:575 INFO  ManageBrowser :28 - Opening browser Chrome 
2023-05-23 21:05:350 INFO  LoginPage :49 - Send text [[ChromeDriver: chrome on WINDOWS (40dfab229d64021cbd4810e04dbe3e2c)] -> xpath: //input[@name='username']]
2023-05-23 21:05:548 INFO  LoginPage :55 - Send text [[ChromeDriver: chrome on WINDOWS (40dfab229d64021cbd4810e04dbe3e2c)] -> xpath: //input[@name='password']]
2023-05-23 21:05:689 INFO  LoginPage :44 - Click on [[ChromeDriver: chrome on WINDOWS (40dfab229d64021cbd4810e04dbe3e2c)] -> xpath: //button[normalize-space()='Login']]
2023-05-23 21:05:121 INFO  DashboardPage :41 - Get text [[ChromeDriver: chrome on WINDOWS (40dfab229d64021cbd4810e04dbe3e2c)] -> xpath: //h6[normalize-space()='Dashboard']]
2023-05-23 21:05:227 INFO  ManageBrowser :28 - Opening browser Chrome 
2023-05-23 21:05:323 INFO  LoginPage :34 - Logo is displayed [[ChromeDriver: chrome on WINDOWS (1faeee7600d93374f99011c93011ad49)] -> xpath: //div[@class='orangehrm-login-logo']//img[@alt='orangehrm-logo']]
2023-05-23 21:05:949 INFO  ManageBrowser :28 - Opening browser Chrome 
2023-05-23 21:05:702 INFO  LoginPage :49 - Send text [[ChromeDriver: chrome on WINDOWS (ba561cf4f5d5d626f93da7f0c90a8027)] -> xpath: //input[@name='username']]
2023-05-23 21:05:900 INFO  LoginPage :55 - Send text [[ChromeDriver: chrome on WINDOWS (ba561cf4f5d5d626f93da7f0c90a8027)] -> xpath: //input[@name='password']]
2023-05-23 21:05:06 INFO  LoginPage :44 - Click on [[ChromeDriver: chrome on WINDOWS (ba561cf4f5d5d626f93da7f0c90a8027)] -> xpath: //button[normalize-space()='Login']]
2023-05-23 21:05:522 INFO  DashboardPage :36 - Click on [[ChromeDriver: chrome on WINDOWS (ba561cf4f5d5d626f93da7f0c90a8027)] -> xpath: //img[@class='oxd-userdropdown-img']]
2023-05-23 21:05:819 INFO  DashboardPage :30 - Mouse hover on [[ChromeDriver: chrome on WINDOWS (ba561cf4f5d5d626f93da7f0c90a8027)] -> xpath: (//a[@class='oxd-userdropdown-link'])[4]]
2023-05-23 21:05:136 INFO  LoginPage :38 - Get text Proxy element for: DefaultElementLocator 'By.xpath: //h5[@class='oxd-text oxd-text--h5 orangehrm-login-title']'
2023-05-23 21:05:969 INFO  ManageBrowser :28 - Opening browser Chrome 
2023-05-23 21:05:719 INFO  LoginPage :49 - Send text [[ChromeDriver: chrome on WINDOWS (a67a7e29ce92dc70fb89716eb5da8291)] -> xpath: //input[@name='username']]
2023-05-23 21:05:914 INFO  LoginPage :55 - Send text [[ChromeDriver: chrome on WINDOWS (a67a7e29ce92dc70fb89716eb5da8291)] -> xpath: //input[@name='password']]
2023-05-23 21:05:10 INFO  LoginPage :44 - Click on [[ChromeDriver: chrome on WINDOWS (a67a7e29ce92dc70fb89716eb5da8291)] -> xpath: //button[normalize-space()='Login']]
2023-05-23 21:05:580 INFO  HomePage :39 - Click on [[ChromeDriver: chrome on WINDOWS (a67a7e29ce92dc70fb89716eb5da8291)] -> xpath: (//span[@class='oxd-text oxd-text--span oxd-main-menu-item--name'])[1]]
2023-05-23 21:05:46 INFO  ViewSystemUsersPage :131 - Get text [[ChromeDriver: chrome on WINDOWS (a67a7e29ce92dc70fb89716eb5da8291)] -> xpath: //h5[normalize-space()='System Users']]
2023-05-23 21:05:695 INFO  AddUserPage :71 - Click add user : [[ChromeDriver: chrome on WINDOWS (a67a7e29ce92dc70fb89716eb5da8291)] -> xpath: //button[normalize-space()='Add']]
2023-05-23 21:05:277 INFO  ViewSystemUsersPage :125 - Get text [[ChromeDriver: chrome on WINDOWS (a67a7e29ce92dc70fb89716eb5da8291)] -> xpath: //h6[normalize-space()='Add User']]
2023-05-23 21:05:458 INFO  AddUserPage :118 - Set role : [[ChromeDriver: chrome on WINDOWS (a67a7e29ce92dc70fb89716eb5da8291)] -> xpath: //span[contains(text(),'Admin')]]
2023-05-23 21:05:758 INFO  AddUserPage :111 - Send text : [[ChromeDriver: chrome on WINDOWS (a67a7e29ce92dc70fb89716eb5da8291)] -> xpath: //input[@placeholder='Type for hints...']]
2023-05-23 21:05:944 INFO  AddUserPage :102 - Select status : [[ChromeDriver: chrome on WINDOWS (a67a7e29ce92dc70fb89716eb5da8291)] -> xpath: (//i[@class='oxd-icon bi-caret-down-fill oxd-select-text--arrow'])[2]]
2023-05-23 21:05:646 INFO  AddUserPage :65 - Enter user name : [[ChromeDriver: chrome on WINDOWS (a67a7e29ce92dc70fb89716eb5da8291)] -> xpath: (//input[@class='oxd-input oxd-input--active'])[2]]
2023-05-23 21:05:280 INFO  AddUserPage :95 - Send text : [[ChromeDriver: chrome on WINDOWS (a67a7e29ce92dc70fb89716eb5da8291)] -> xpath: (//input[@type='password'])[1]]
2023-05-23 21:05:481 INFO  AddUserPage :89 - Send text : [[ChromeDriver: chrome on WINDOWS (a67a7e29ce92dc70fb89716eb5da8291)] -> xpath: (//input[@type='password'])[2]]
2023-05-23 21:05:668 INFO  AddUserPage :77 - Click on save : [[ChromeDriver: chrome on WINDOWS (a67a7e29ce92dc70fb89716eb5da8291)] -> xpath: //button[@class='oxd-button oxd-button--medium oxd-button--secondary orangehrm-left-space']]
2023-05-23 21:05:33 INFO  AddUserPage :122 - Get text : [[ChromeDriver: chrome on WINDOWS (a67a7e29ce92dc70fb89716eb5da8291)] -> xpath: //div[@class='oxd-toast-content oxd-toast-content--success']/p[2]]
2023-05-23 21:05:759 INFO  ManageBrowser :28 - Opening browser Chrome 
2023-05-23 21:05:536 INFO  LoginPage :49 - Send text [[ChromeDriver: chrome on WINDOWS (52f7f380f452e53dff8ca5f10127d7a8)] -> xpath: //input[@name='username']]
2023-05-23 21:05:652 INFO  LoginPage :55 - Send text [[ChromeDriver: chrome on WINDOWS (52f7f380f452e53dff8ca5f10127d7a8)] -> xpath: //input[@name='password']]
2023-05-23 21:05:728 INFO  LoginPage :44 - Click on [[ChromeDriver: chrome on WINDOWS (52f7f380f452e53dff8ca5f10127d7a8)] -> xpath: //button[normalize-space()='Login']]
2023-05-23 21:05:646 INFO  HomePage :39 - Click on [[ChromeDriver: chrome on WINDOWS (52f7f380f452e53dff8ca5f10127d7a8)] -> xpath: (//span[@class='oxd-text oxd-text--span oxd-main-menu-item--name'])[1]]
2023-05-23 21:05:119 INFO  ViewSystemUsersPage :131 - Get text [[ChromeDriver: chrome on WINDOWS (52f7f380f452e53dff8ca5f10127d7a8)] -> xpath: //h5[normalize-space()='System Users']]
2023-05-23 21:05:399 INFO  ViewSystemUsersPage :120 - Send text [[ChromeDriver: chrome on WINDOWS (52f7f380f452e53dff8ca5f10127d7a8)] -> xpath: (//input[@class='oxd-input oxd-input--active'])[2]]
2023-05-23 21:05:564 INFO  AddUserPage :102 - Select status : [[ChromeDriver: chrome on WINDOWS (52f7f380f452e53dff8ca5f10127d7a8)] -> xpath: (//i[@class='oxd-icon bi-caret-down-fill oxd-select-text--arrow'])[2]]
2023-05-23 21:05:660 INFO  ViewSystemUsersPage :94 - Click on [[ChromeDriver: chrome on WINDOWS (52f7f380f452e53dff8ca5f10127d7a8)] -> xpath: //button[normalize-space()='Search']]
2023-05-23 21:05:971 INFO  ViewSystemUsersPage :75 - Get text [[ChromeDriver: chrome on WINDOWS (52f7f380f452e53dff8ca5f10127d7a8)] -> xpath: //div[@class='oxd-table-card']/div/div[2]/div]
2023-05-23 21:05:61 INFO  ManageBrowser :28 - Opening browser Chrome 
2023-05-23 21:05:624 INFO  LoginPage :49 - Send text [[ChromeDriver: chrome on WINDOWS (434894b81102e03d33465264740ae450)] -> xpath: //input[@name='username']]
2023-05-23 21:05:790 INFO  LoginPage :55 - Send text [[ChromeDriver: chrome on WINDOWS (434894b81102e03d33465264740ae450)] -> xpath: //input[@name='password']]
2023-05-23 21:05:862 INFO  LoginPage :44 - Click on [[ChromeDriver: chrome on WINDOWS (434894b81102e03d33465264740ae450)] -> xpath: //button[normalize-space()='Login']]
2023-05-23 21:05:775 INFO  HomePage :39 - Click on [[ChromeDriver: chrome on WINDOWS (434894b81102e03d33465264740ae450)] -> xpath: (//span[@class='oxd-text oxd-text--span oxd-main-menu-item--name'])[1]]
2023-05-23 21:05:128 INFO  ViewSystemUsersPage :131 - Get text [[ChromeDriver: chrome on WINDOWS (434894b81102e03d33465264740ae450)] -> xpath: //h5[normalize-space()='System Users']]
2023-05-23 21:05:415 INFO  ViewSystemUsersPage :120 - Send text [[ChromeDriver: chrome on WINDOWS (434894b81102e03d33465264740ae450)] -> xpath: (//input[@class='oxd-input oxd-input--active'])[2]]
2023-05-23 21:05:606 INFO  AddUserPage :102 - Select status : [[ChromeDriver: chrome on WINDOWS (434894b81102e03d33465264740ae450)] -> xpath: (//i[@class='oxd-icon bi-caret-down-fill oxd-select-text--arrow'])[2]]
2023-05-23 21:05:763 INFO  ViewSystemUsersPage :94 - Click on [[ChromeDriver: chrome on WINDOWS (434894b81102e03d33465264740ae450)] -> xpath: //button[normalize-space()='Search']]
2023-05-23 21:05:140 INFO  ViewSystemUsersPage :75 - Get text [[ChromeDriver: chrome on WINDOWS (434894b81102e03d33465264740ae450)] -> xpath: //div[@class='oxd-table-card']/div/div[2]/div]
2023-05-23 21:05:289 INFO  ViewSystemUsersPage :70 - Click on [[ChromeDriver: chrome on WINDOWS (434894b81102e03d33465264740ae450)] -> xpath: (//i[@class='oxd-icon bi-check oxd-checkbox-input-icon'])[2]]
2023-05-23 21:05:469 INFO  ViewSystemUsersPage :82 - Click on [[ChromeDriver: chrome on WINDOWS (434894b81102e03d33465264740ae450)] -> xpath: //button[normalize-space()='Delete Selected']]
2023-05-23 21:05:634 INFO  ViewSystemUsersPage :64 - Click on [[ChromeDriver: chrome on WINDOWS (434894b81102e03d33465264740ae450)] -> xpath: //button[normalize-space()='Yes, Delete']]
2023-05-23 21:05:928 INFO  ViewSystemUsersPage :136 - Get text [[ChromeDriver: chrome on WINDOWS (434894b81102e03d33465264740ae450)] -> xpath: //div[@class='oxd-toast-content oxd-toast-content--success']/p[2]]
2023-05-23 21:05:302 INFO  ManageBrowser :28 - Opening browser Chrome 
2023-05-23 21:05:51 INFO  LoginPage :49 - Send text [[ChromeDriver: chrome on WINDOWS (a5d8f7eac8fdc21037c70001d956101a)] -> xpath: //input[@name='username']]
2023-05-23 21:05:174 INFO  LoginPage :55 - Send text [[ChromeDriver: chrome on WINDOWS (a5d8f7eac8fdc21037c70001d956101a)] -> xpath: //input[@name='password']]
2023-05-23 21:05:470 INFO  LoginPage :44 - Click on [[ChromeDriver: chrome on WINDOWS (a5d8f7eac8fdc21037c70001d956101a)] -> xpath: //button[normalize-space()='Login']]
2023-05-23 21:05:996 INFO  HomePage :39 - Click on [[ChromeDriver: chrome on WINDOWS (a5d8f7eac8fdc21037c70001d956101a)] -> xpath: (//span[@class='oxd-text oxd-text--span oxd-main-menu-item--name'])[1]]
2023-05-23 21:05:437 INFO  ViewSystemUsersPage :131 - Get text [[ChromeDriver: chrome on WINDOWS (a5d8f7eac8fdc21037c70001d956101a)] -> xpath: //h5[normalize-space()='System Users']]
2023-05-23 21:05:749 INFO  ViewSystemUsersPage :120 - Send text [[ChromeDriver: chrome on WINDOWS (a5d8f7eac8fdc21037c70001d956101a)] -> xpath: (//input[@class='oxd-input oxd-input--active'])[2]]
2023-05-23 21:05:916 INFO  AddUserPage :102 - Select status : [[ChromeDriver: chrome on WINDOWS (a5d8f7eac8fdc21037c70001d956101a)] -> xpath: (//i[@class='oxd-icon bi-caret-down-fill oxd-select-text--arrow'])[2]]
2023-05-23 21:05:998 INFO  ViewSystemUsersPage :94 - Click on [[ChromeDriver: chrome on WINDOWS (a5d8f7eac8fdc21037c70001d956101a)] -> xpath: //button[normalize-space()='Search']]
2023-05-23 21:05:279 INFO  AddUserPage :127 - Get text : [[ChromeDriver: chrome on WINDOWS (a5d8f7eac8fdc21037c70001d956101a)] -> xpath: //span[normalize-space()='No Records Found']]
2023-05-23 22:05:978 INFO  ManageBrowser :28 - Opening browser Chrome 
2023-05-23 22:05:192 INFO  LoginPage :49 - Send text [[ChromeDriver: chrome on WINDOWS (57da452e454fb9fd9b5ec1dd13957bcd)] -> xpath: //input[@name='username']]
2023-05-23 22:05:537 INFO  LoginPage :55 - Send text [[ChromeDriver: chrome on WINDOWS (57da452e454fb9fd9b5ec1dd13957bcd)] -> xpath: //input[@name='password']]
2023-05-23 22:05:696 INFO  LoginPage :44 - Click on [[ChromeDriver: chrome on WINDOWS (57da452e454fb9fd9b5ec1dd13957bcd)] -> xpath: //button[normalize-space()='Login']]
2023-05-23 22:05:255 INFO  DashboardPage :46 - Get text [[ChromeDriver: chrome on WINDOWS (57da452e454fb9fd9b5ec1dd13957bcd)] -> xpath: //h6[normalize-space()='Dashboard']]
2023-05-23 22:05:48 INFO  ManageBrowser :28 - Opening browser Chrome 
2023-05-23 22:05:253 INFO  LoginPage :34 - Logo is displayed [[ChromeDriver: chrome on WINDOWS (05bcae1e6079d6003e683ad059c3305b)] -> xpath: //div[@class='orangehrm-login-logo']//img[@alt='orangehrm-logo']]
2023-05-23 22:05:486 INFO  ManageBrowser :28 - Opening browser Chrome 
2023-05-23 22:05:649 INFO  LoginPage :49 - Send text [[ChromeDriver: chrome on WINDOWS (7c16d4741f2834e10483a8a74f9df81b)] -> xpath: //input[@name='username']]
2023-05-23 22:05:889 INFO  LoginPage :55 - Send text [[ChromeDriver: chrome on WINDOWS (7c16d4741f2834e10483a8a74f9df81b)] -> xpath: //input[@name='password']]
2023-05-23 22:05:967 INFO  LoginPage :44 - Click on [[ChromeDriver: chrome on WINDOWS (7c16d4741f2834e10483a8a74f9df81b)] -> xpath: //button[normalize-space()='Login']]
2023-05-23 22:05:626 INFO  DashboardPage :41 - Click on [[ChromeDriver: chrome on WINDOWS (7c16d4741f2834e10483a8a74f9df81b)] -> xpath: //img[@class='oxd-userdropdown-img']]
2023-05-23 22:05:266 INFO  DashboardPage :35 - Mouse hover on [[ChromeDriver: chrome on WINDOWS (7c16d4741f2834e10483a8a74f9df81b)] -> xpath: (//a[@class='oxd-userdropdown-link'])[4]]
2023-05-23 22:05:345 INFO  LoginPage :38 - Get text Proxy element for: DefaultElementLocator 'By.xpath: //h5[@class='oxd-text oxd-text--h5 orangehrm-login-title']'
2023-05-23 22:05:283 INFO  ManageBrowser :28 - Opening browser Chrome 
2023-05-23 22:05:775 INFO  LoginPage :49 - Send text [[ChromeDriver: chrome on WINDOWS (bf6f844e8787874689e9c1e449454bdd)] -> xpath: //input[@name='username']]
2023-05-23 22:05:31 INFO  LoginPage :55 - Send text [[ChromeDriver: chrome on WINDOWS (bf6f844e8787874689e9c1e449454bdd)] -> xpath: //input[@name='password']]
2023-05-23 22:05:123 INFO  LoginPage :44 - Click on [[ChromeDriver: chrome on WINDOWS (bf6f844e8787874689e9c1e449454bdd)] -> xpath: //button[normalize-space()='Login']]
2023-05-23 22:05:264 INFO  HomePage :39 - Click on [[ChromeDriver: chrome on WINDOWS (bf6f844e8787874689e9c1e449454bdd)] -> xpath: (//span[@class='oxd-text oxd-text--span oxd-main-menu-item--name'])[1]]
2023-05-23 22:05:787 INFO  ViewSystemUsersPage :131 - Get text [[ChromeDriver: chrome on WINDOWS (bf6f844e8787874689e9c1e449454bdd)] -> xpath: //h5[normalize-space()='System Users']]
2023-05-23 22:05:900 INFO  AddUserPage :71 - Click add user : [[ChromeDriver: chrome on WINDOWS (bf6f844e8787874689e9c1e449454bdd)] -> xpath: //button[normalize-space()='Add']]
2023-05-23 22:05:485 INFO  ViewSystemUsersPage :125 - Get text [[ChromeDriver: chrome on WINDOWS (bf6f844e8787874689e9c1e449454bdd)] -> xpath: //h6[normalize-space()='Add User']]
2023-05-23 22:05:698 INFO  AddUserPage :118 - Set role : [[ChromeDriver: chrome on WINDOWS (bf6f844e8787874689e9c1e449454bdd)] -> xpath: //span[contains(text(),'Admin')]]
2023-05-23 22:05:91 INFO  AddUserPage :111 - Send text : [[ChromeDriver: chrome on WINDOWS (bf6f844e8787874689e9c1e449454bdd)] -> xpath: //input[@placeholder='Type for hints...']]
2023-05-23 22:05:307 INFO  AddUserPage :102 - Select status : [[ChromeDriver: chrome on WINDOWS (bf6f844e8787874689e9c1e449454bdd)] -> xpath: (//i[@class='oxd-icon bi-caret-down-fill oxd-select-text--arrow'])[2]]
2023-05-23 22:05:67 INFO  AddUserPage :65 - Enter user name : [[ChromeDriver: chrome on WINDOWS (bf6f844e8787874689e9c1e449454bdd)] -> xpath: (//input[@class='oxd-input oxd-input--active'])[2]]
2023-05-23 22:05:732 INFO  AddUserPage :95 - Send text : [[ChromeDriver: chrome on WINDOWS (bf6f844e8787874689e9c1e449454bdd)] -> xpath: (//input[@type='password'])[1]]
2023-05-23 22:05:905 INFO  AddUserPage :89 - Send text : [[ChromeDriver: chrome on WINDOWS (bf6f844e8787874689e9c1e449454bdd)] -> xpath: (//input[@type='password'])[2]]
2023-05-23 22:05:08 INFO  AddUserPage :77 - Click on save : [[ChromeDriver: chrome on WINDOWS (bf6f844e8787874689e9c1e449454bdd)] -> xpath: //button[@class='oxd-button oxd-button--medium oxd-button--secondary orangehrm-left-space']]
2023-05-23 22:05:701 INFO  AddUserPage :122 - Get text : [[ChromeDriver: chrome on WINDOWS (bf6f844e8787874689e9c1e449454bdd)] -> xpath: //div[@class='oxd-toast-content oxd-toast-content--success']/p[2]]
2023-05-23 22:05:874 INFO  ManageBrowser :28 - Opening browser Chrome 
2023-05-23 22:05:253 INFO  LoginPage :49 - Send text [[ChromeDriver: chrome on WINDOWS (2d485b52ed65d167b3d5ce8a9cafdc0c)] -> xpath: //input[@name='username']]
2023-05-23 22:05:374 INFO  LoginPage :55 - Send text [[ChromeDriver: chrome on WINDOWS (2d485b52ed65d167b3d5ce8a9cafdc0c)] -> xpath: //input[@name='password']]
2023-05-23 22:05:789 INFO  LoginPage :44 - Click on [[ChromeDriver: chrome on WINDOWS (2d485b52ed65d167b3d5ce8a9cafdc0c)] -> xpath: //button[normalize-space()='Login']]
2023-05-23 22:05:724 INFO  HomePage :39 - Click on [[ChromeDriver: chrome on WINDOWS (2d485b52ed65d167b3d5ce8a9cafdc0c)] -> xpath: (//span[@class='oxd-text oxd-text--span oxd-main-menu-item--name'])[1]]
2023-05-23 22:05:180 INFO  ViewSystemUsersPage :131 - Get text [[ChromeDriver: chrome on WINDOWS (2d485b52ed65d167b3d5ce8a9cafdc0c)] -> xpath: //h5[normalize-space()='System Users']]
2023-05-23 22:05:586 INFO  ViewSystemUsersPage :120 - Send text [[ChromeDriver: chrome on WINDOWS (2d485b52ed65d167b3d5ce8a9cafdc0c)] -> xpath: (//input[@class='oxd-input oxd-input--active'])[2]]
2023-05-23 22:05:764 INFO  AddUserPage :102 - Select status : [[ChromeDriver: chrome on WINDOWS (2d485b52ed65d167b3d5ce8a9cafdc0c)] -> xpath: (//i[@class='oxd-icon bi-caret-down-fill oxd-select-text--arrow'])[2]]
2023-05-23 22:05:925 INFO  ViewSystemUsersPage :94 - Click on [[ChromeDriver: chrome on WINDOWS (2d485b52ed65d167b3d5ce8a9cafdc0c)] -> xpath: //button[normalize-space()='Search']]
2023-05-23 22:05:151 INFO  ViewSystemUsersPage :75 - Get text [[ChromeDriver: chrome on WINDOWS (2d485b52ed65d167b3d5ce8a9cafdc0c)] -> xpath: //div[@class='oxd-table-card']/div/div[2]/div]
2023-05-23 22:05:57 INFO  ManageBrowser :28 - Opening browser Chrome 
2023-05-23 22:05:230 INFO  LoginPage :49 - Send text [[ChromeDriver: chrome on WINDOWS (81359251cff0d9e4ec03a232a7005c23)] -> xpath: //input[@name='username']]
2023-05-23 22:05:379 INFO  LoginPage :55 - Send text [[ChromeDriver: chrome on WINDOWS (81359251cff0d9e4ec03a232a7005c23)] -> xpath: //input[@name='password']]
2023-05-23 22:05:509 INFO  LoginPage :44 - Click on [[ChromeDriver: chrome on WINDOWS (81359251cff0d9e4ec03a232a7005c23)] -> xpath: //button[normalize-space()='Login']]
2023-05-23 22:05:640 INFO  HomePage :39 - Click on [[ChromeDriver: chrome on WINDOWS (81359251cff0d9e4ec03a232a7005c23)] -> xpath: (//span[@class='oxd-text oxd-text--span oxd-main-menu-item--name'])[1]]
2023-05-23 22:05:89 INFO  ViewSystemUsersPage :131 - Get text [[ChromeDriver: chrome on WINDOWS (81359251cff0d9e4ec03a232a7005c23)] -> xpath: //h5[normalize-space()='System Users']]
2023-05-23 22:05:833 INFO  ViewSystemUsersPage :120 - Send text [[ChromeDriver: chrome on WINDOWS (81359251cff0d9e4ec03a232a7005c23)] -> xpath: (//input[@class='oxd-input oxd-input--active'])[2]]
2023-05-23 22:05:997 INFO  AddUserPage :102 - Select status : [[ChromeDriver: chrome on WINDOWS (81359251cff0d9e4ec03a232a7005c23)] -> xpath: (//i[@class='oxd-icon bi-caret-down-fill oxd-select-text--arrow'])[2]]
2023-05-23 22:05:220 INFO  ViewSystemUsersPage :94 - Click on [[ChromeDriver: chrome on WINDOWS (81359251cff0d9e4ec03a232a7005c23)] -> xpath: //button[normalize-space()='Search']]
2023-05-23 22:05:484 INFO  ViewSystemUsersPage :75 - Get text [[ChromeDriver: chrome on WINDOWS (81359251cff0d9e4ec03a232a7005c23)] -> xpath: //div[@class='oxd-table-card']/div/div[2]/div]
2023-05-23 22:05:602 INFO  ViewSystemUsersPage :70 - Click on [[ChromeDriver: chrome on WINDOWS (81359251cff0d9e4ec03a232a7005c23)] -> xpath: (//i[@class='oxd-icon bi-check oxd-checkbox-input-icon'])[2]]
2023-05-23 22:05:753 INFO  ViewSystemUsersPage :82 - Click on [[ChromeDriver: chrome on WINDOWS (81359251cff0d9e4ec03a232a7005c23)] -> xpath: //button[normalize-space()='Delete Selected']]
2023-05-23 22:05:910 INFO  ViewSystemUsersPage :64 - Click on [[ChromeDriver: chrome on WINDOWS (81359251cff0d9e4ec03a232a7005c23)] -> xpath: //button[normalize-space()='Yes, Delete']]
2023-05-23 22:05:205 INFO  ViewSystemUsersPage :136 - Get text [[ChromeDriver: chrome on WINDOWS (81359251cff0d9e4ec03a232a7005c23)] -> xpath: //div[@class='oxd-toast-content oxd-toast-content--success']/p[2]]
2023-05-23 22:05:236 INFO  ManageBrowser :28 - Opening browser Chrome 
2023-05-23 22:05:552 INFO  LoginPage :49 - Send text [[ChromeDriver: chrome on WINDOWS (041744c1b9a1223bbf921ed3a098ecfb)] -> xpath: //input[@name='username']]
2023-05-23 22:05:758 INFO  LoginPage :55 - Send text [[ChromeDriver: chrome on WINDOWS (041744c1b9a1223bbf921ed3a098ecfb)] -> xpath: //input[@name='password']]
2023-05-23 22:05:889 INFO  LoginPage :44 - Click on [[ChromeDriver: chrome on WINDOWS (041744c1b9a1223bbf921ed3a098ecfb)] -> xpath: //button[normalize-space()='Login']]
2023-05-23 22:05:566 INFO  HomePage :39 - Click on [[ChromeDriver: chrome on WINDOWS (041744c1b9a1223bbf921ed3a098ecfb)] -> xpath: (//span[@class='oxd-text oxd-text--span oxd-main-menu-item--name'])[1]]
2023-05-23 22:05:994 INFO  ViewSystemUsersPage :131 - Get text [[ChromeDriver: chrome on WINDOWS (041744c1b9a1223bbf921ed3a098ecfb)] -> xpath: //h5[normalize-space()='System Users']]
2023-05-23 22:05:551 INFO  ViewSystemUsersPage :120 - Send text [[ChromeDriver: chrome on WINDOWS (041744c1b9a1223bbf921ed3a098ecfb)] -> xpath: (//input[@class='oxd-input oxd-input--active'])[2]]
2023-05-23 22:05:758 INFO  AddUserPage :102 - Select status : [[ChromeDriver: chrome on WINDOWS (041744c1b9a1223bbf921ed3a098ecfb)] -> xpath: (//i[@class='oxd-icon bi-caret-down-fill oxd-select-text--arrow'])[2]]
2023-05-23 22:05:982 INFO  ViewSystemUsersPage :94 - Click on [[ChromeDriver: chrome on WINDOWS (041744c1b9a1223bbf921ed3a098ecfb)] -> xpath: //button[normalize-space()='Search']]
2023-05-23 22:05:351 INFO  AddUserPage :127 - Get text : [[ChromeDriver: chrome on WINDOWS (041744c1b9a1223bbf921ed3a098ecfb)] -> xpath: //span[normalize-space()='No Records Found']]
2023-05-23 22:05:125 INFO  ManageBrowser :28 - Opening browser Chrome 
2023-05-23 22:05:854 INFO  LoginPage :49 - Send text [[ChromeDriver: chrome on WINDOWS (ad2e097aa63beb72cf6e93f80c976a7e)] -> xpath: //input[@name='username']]
2023-05-23 22:05:26 INFO  LoginPage :55 - Send text [[ChromeDriver: chrome on WINDOWS (ad2e097aa63beb72cf6e93f80c976a7e)] -> xpath: //input[@name='password']]
2023-05-23 22:05:124 INFO  LoginPage :44 - Click on [[ChromeDriver: chrome on WINDOWS (ad2e097aa63beb72cf6e93f80c976a7e)] -> xpath: //button[normalize-space()='Login']]
2023-05-23 22:05:601 INFO  DashboardPage :46 - Get text [[ChromeDriver: chrome on WINDOWS (ad2e097aa63beb72cf6e93f80c976a7e)] -> xpath: //h6[normalize-space()='Dashboard']]
2023-05-23 22:05:800 INFO  ManageBrowser :28 - Opening browser Chrome 
2023-05-23 22:05:957 INFO  LoginPage :34 - Logo is displayed [[ChromeDriver: chrome on WINDOWS (1126a3c9a8d3ebc47d952bfdbacd85ad)] -> xpath: //div[@class='orangehrm-login-logo']//img[@alt='orangehrm-logo']]
2023-05-23 22:05:218 INFO  ManageBrowser :28 - Opening browser Chrome 
2023-05-23 22:05:04 INFO  LoginPage :49 - Send text [[ChromeDriver: chrome on WINDOWS (c994774a8435b4fdd26851da02fcd49f)] -> xpath: //input[@name='username']]
2023-05-23 22:05:213 INFO  LoginPage :55 - Send text [[ChromeDriver: chrome on WINDOWS (c994774a8435b4fdd26851da02fcd49f)] -> xpath: //input[@name='password']]
2023-05-23 22:05:308 INFO  LoginPage :44 - Click on [[ChromeDriver: chrome on WINDOWS (c994774a8435b4fdd26851da02fcd49f)] -> xpath: //button[normalize-space()='Login']]
2023-05-23 22:05:54 INFO  DashboardPage :41 - Click on [[ChromeDriver: chrome on WINDOWS (c994774a8435b4fdd26851da02fcd49f)] -> xpath: //img[@class='oxd-userdropdown-img']]
2023-05-23 22:05:875 INFO  DashboardPage :35 - Mouse hover on [[ChromeDriver: chrome on WINDOWS (c994774a8435b4fdd26851da02fcd49f)] -> xpath: (//a[@class='oxd-userdropdown-link'])[4]]
2023-05-23 22:05:212 INFO  LoginPage :38 - Get text [[ChromeDriver: chrome on WINDOWS (c994774a8435b4fdd26851da02fcd49f)] -> xpath: //h5[@class='oxd-text oxd-text--h5 orangehrm-login-title']]
2023-05-23 22:05:329 INFO  ManageBrowser :28 - Opening browser Chrome 
2023-05-23 22:05:842 INFO  LoginPage :49 - Send text [[ChromeDriver: chrome on WINDOWS (9c17c33bde204a56e0571b7ab89ae252)] -> xpath: //input[@name='username']]
2023-05-23 22:05:967 INFO  LoginPage :55 - Send text [[ChromeDriver: chrome on WINDOWS (9c17c33bde204a56e0571b7ab89ae252)] -> xpath: //input[@name='password']]
2023-05-23 22:05:42 INFO  LoginPage :44 - Click on [[ChromeDriver: chrome on WINDOWS (9c17c33bde204a56e0571b7ab89ae252)] -> xpath: //button[normalize-space()='Login']]
2023-05-23 22:05:844 INFO  HomePage :39 - Click on [[ChromeDriver: chrome on WINDOWS (9c17c33bde204a56e0571b7ab89ae252)] -> xpath: (//span[@class='oxd-text oxd-text--span oxd-main-menu-item--name'])[1]]
2023-05-23 22:05:210 INFO  ViewSystemUsersPage :131 - Get text [[ChromeDriver: chrome on WINDOWS (9c17c33bde204a56e0571b7ab89ae252)] -> xpath: //h5[normalize-space()='System Users']]
2023-05-23 22:05:59 INFO  AddUserPage :71 - Click add user : [[ChromeDriver: chrome on WINDOWS (9c17c33bde204a56e0571b7ab89ae252)] -> xpath: //button[normalize-space()='Add']]
2023-05-23 22:05:592 INFO  ViewSystemUsersPage :125 - Get text [[ChromeDriver: chrome on WINDOWS (9c17c33bde204a56e0571b7ab89ae252)] -> xpath: //h6[normalize-space()='Add User']]
2023-05-23 22:05:776 INFO  AddUserPage :118 - Set role : [[ChromeDriver: chrome on WINDOWS (9c17c33bde204a56e0571b7ab89ae252)] -> xpath: //span[contains(text(),'Admin')]]
2023-05-23 22:05:176 INFO  AddUserPage :111 - Send text : [[ChromeDriver: chrome on WINDOWS (9c17c33bde204a56e0571b7ab89ae252)] -> xpath: //input[@placeholder='Type for hints...']]
2023-05-23 22:05:375 INFO  AddUserPage :102 - Select status : [[ChromeDriver: chrome on WINDOWS (9c17c33bde204a56e0571b7ab89ae252)] -> xpath: (//i[@class='oxd-icon bi-caret-down-fill oxd-select-text--arrow'])[2]]
2023-05-23 22:05:64 INFO  AddUserPage :65 - Enter user name : [[ChromeDriver: chrome on WINDOWS (9c17c33bde204a56e0571b7ab89ae252)] -> xpath: (//input[@class='oxd-input oxd-input--active'])[2]]
2023-05-23 22:05:707 INFO  AddUserPage :95 - Send text : [[ChromeDriver: chrome on WINDOWS (9c17c33bde204a56e0571b7ab89ae252)] -> xpath: (//input[@type='password'])[1]]
2023-05-23 22:05:903 INFO  AddUserPage :89 - Send text : [[ChromeDriver: chrome on WINDOWS (9c17c33bde204a56e0571b7ab89ae252)] -> xpath: (//input[@type='password'])[2]]
2023-05-23 22:05:997 INFO  AddUserPage :77 - Click on save : [[ChromeDriver: chrome on WINDOWS (9c17c33bde204a56e0571b7ab89ae252)] -> xpath: //button[@class='oxd-button oxd-button--medium oxd-button--secondary orangehrm-left-space']]
2023-05-23 22:05:496 INFO  AddUserPage :122 - Get text : [[ChromeDriver: chrome on WINDOWS (9c17c33bde204a56e0571b7ab89ae252)] -> xpath: //div[@class='oxd-toast-content oxd-toast-content--success']/p[2]]
2023-05-23 22:05:915 INFO  ManageBrowser :28 - Opening browser Chrome 
2023-05-23 22:05:09 INFO  LoginPage :49 - Send text [[ChromeDriver: chrome on WINDOWS (5e95920c42a9e62971f89bb380897ea8)] -> xpath: //input[@name='username']]
2023-05-23 22:05:189 INFO  LoginPage :55 - Send text [[ChromeDriver: chrome on WINDOWS (5e95920c42a9e62971f89bb380897ea8)] -> xpath: //input[@name='password']]
2023-05-23 22:05:528 INFO  LoginPage :44 - Click on [[ChromeDriver: chrome on WINDOWS (5e95920c42a9e62971f89bb380897ea8)] -> xpath: //button[normalize-space()='Login']]
2023-05-23 22:05:42 INFO  HomePage :39 - Click on [[ChromeDriver: chrome on WINDOWS (5e95920c42a9e62971f89bb380897ea8)] -> xpath: (//span[@class='oxd-text oxd-text--span oxd-main-menu-item--name'])[1]]
2023-05-23 22:05:547 INFO  ViewSystemUsersPage :131 - Get text [[ChromeDriver: chrome on WINDOWS (5e95920c42a9e62971f89bb380897ea8)] -> xpath: //h5[normalize-space()='System Users']]
2023-05-23 22:05:978 INFO  ViewSystemUsersPage :120 - Send text [[ChromeDriver: chrome on WINDOWS (5e95920c42a9e62971f89bb380897ea8)] -> xpath: (//input[@class='oxd-input oxd-input--active'])[2]]
2023-05-23 22:05:154 INFO  AddUserPage :102 - Select status : [[ChromeDriver: chrome on WINDOWS (5e95920c42a9e62971f89bb380897ea8)] -> xpath: (//i[@class='oxd-icon bi-caret-down-fill oxd-select-text--arrow'])[2]]
2023-05-23 22:05:254 INFO  ViewSystemUsersPage :94 - Click on [[ChromeDriver: chrome on WINDOWS (5e95920c42a9e62971f89bb380897ea8)] -> xpath: //button[normalize-space()='Search']]
2023-05-23 22:05:632 INFO  ViewSystemUsersPage :75 - Get text [[ChromeDriver: chrome on WINDOWS (5e95920c42a9e62971f89bb380897ea8)] -> xpath: //div[@class='oxd-table-card']/div/div[2]/div]
2023-05-23 22:05:592 INFO  ManageBrowser :28 - Opening browser Chrome 
2023-05-23 22:05:76 INFO  LoginPage :49 - Send text [[ChromeDriver: chrome on WINDOWS (defd4a3a001a79090d8414ceba30b135)] -> xpath: //input[@name='username']]
2023-05-23 22:05:231 INFO  LoginPage :55 - Send text [[ChromeDriver: chrome on WINDOWS (defd4a3a001a79090d8414ceba30b135)] -> xpath: //input[@name='password']]
2023-05-23 22:05:295 INFO  LoginPage :44 - Click on [[ChromeDriver: chrome on WINDOWS (defd4a3a001a79090d8414ceba30b135)] -> xpath: //button[normalize-space()='Login']]
2023-05-23 22:05:338 INFO  HomePage :39 - Click on [[ChromeDriver: chrome on WINDOWS (defd4a3a001a79090d8414ceba30b135)] -> xpath: (//span[@class='oxd-text oxd-text--span oxd-main-menu-item--name'])[1]]
2023-05-23 22:05:739 INFO  ViewSystemUsersPage :131 - Get text [[ChromeDriver: chrome on WINDOWS (defd4a3a001a79090d8414ceba30b135)] -> xpath: //h5[normalize-space()='System Users']]
2023-05-23 22:05:254 INFO  ViewSystemUsersPage :120 - Send text [[ChromeDriver: chrome on WINDOWS (defd4a3a001a79090d8414ceba30b135)] -> xpath: (//input[@class='oxd-input oxd-input--active'])[2]]
2023-05-23 22:05:519 INFO  AddUserPage :102 - Select status : [[ChromeDriver: chrome on WINDOWS (defd4a3a001a79090d8414ceba30b135)] -> xpath: (//i[@class='oxd-icon bi-caret-down-fill oxd-select-text--arrow'])[2]]
2023-05-23 22:05:661 INFO  ViewSystemUsersPage :94 - Click on [[ChromeDriver: chrome on WINDOWS (defd4a3a001a79090d8414ceba30b135)] -> xpath: //button[normalize-space()='Search']]
2023-05-23 22:05:997 INFO  ViewSystemUsersPage :75 - Get text [[ChromeDriver: chrome on WINDOWS (defd4a3a001a79090d8414ceba30b135)] -> xpath: //div[@class='oxd-table-card']/div/div[2]/div]
2023-05-23 22:05:210 INFO  ViewSystemUsersPage :70 - Click on [[ChromeDriver: chrome on WINDOWS (defd4a3a001a79090d8414ceba30b135)] -> xpath: (//i[@class='oxd-icon bi-check oxd-checkbox-input-icon'])[2]]
2023-05-23 22:05:412 INFO  ViewSystemUsersPage :82 - Click on [[ChromeDriver: chrome on WINDOWS (defd4a3a001a79090d8414ceba30b135)] -> xpath: //button[normalize-space()='Delete Selected']]
2023-05-23 22:05:601 INFO  ViewSystemUsersPage :64 - Click on [[ChromeDriver: chrome on WINDOWS (defd4a3a001a79090d8414ceba30b135)] -> xpath: //button[normalize-space()='Yes, Delete']]
2023-05-23 22:05:897 INFO  ViewSystemUsersPage :136 - Get text [[ChromeDriver: chrome on WINDOWS (defd4a3a001a79090d8414ceba30b135)] -> xpath: //div[@class='oxd-toast-content oxd-toast-content--success']/p[2]]
2023-05-23 22:05:945 INFO  ManageBrowser :28 - Opening browser Chrome 
2023-05-23 22:05:699 INFO  LoginPage :49 - Send text [[ChromeDriver: chrome on WINDOWS (53f70c9da22b1f748816752542de93fb)] -> xpath: //input[@name='username']]
2023-05-23 22:05:840 INFO  LoginPage :55 - Send text [[ChromeDriver: chrome on WINDOWS (53f70c9da22b1f748816752542de93fb)] -> xpath: //input[@name='password']]
2023-05-23 22:05:922 INFO  LoginPage :44 - Click on [[ChromeDriver: chrome on WINDOWS (53f70c9da22b1f748816752542de93fb)] -> xpath: //button[normalize-space()='Login']]
2023-05-23 22:05:296 INFO  HomePage :39 - Click on [[ChromeDriver: chrome on WINDOWS (53f70c9da22b1f748816752542de93fb)] -> xpath: (//span[@class='oxd-text oxd-text--span oxd-main-menu-item--name'])[1]]
2023-05-23 22:05:960 INFO  ViewSystemUsersPage :131 - Get text [[ChromeDriver: chrome on WINDOWS (53f70c9da22b1f748816752542de93fb)] -> xpath: //h5[normalize-space()='System Users']]
2023-05-23 22:05:305 INFO  ViewSystemUsersPage :120 - Send text [[ChromeDriver: chrome on WINDOWS (53f70c9da22b1f748816752542de93fb)] -> xpath: (//input[@class='oxd-input oxd-input--active'])[2]]
2023-05-23 22:05:525 INFO  AddUserPage :102 - Select status : [[ChromeDriver: chrome on WINDOWS (53f70c9da22b1f748816752542de93fb)] -> xpath: (//i[@class='oxd-icon bi-caret-down-fill oxd-select-text--arrow'])[2]]
2023-05-23 22:05:637 INFO  ViewSystemUsersPage :94 - Click on [[ChromeDriver: chrome on WINDOWS (53f70c9da22b1f748816752542de93fb)] -> xpath: //button[normalize-space()='Search']]
2023-05-23 22:05:911 INFO  AddUserPage :127 - Get text : [[ChromeDriver: chrome on WINDOWS (53f70c9da22b1f748816752542de93fb)] -> xpath: //span[normalize-space()='No Records Found']]
